<?xml version="1.0" encoding="UTF-8"?>
<testsuite xmlns:xsi="http://www.w3.org/2001/XMLSchema-instance" xsi:noNamespaceSchemaLocation="https://maven.apache.org/surefire/maven-surefire-plugin/xsd/surefire-test-report-3.0.xsd" version="3.0" name="edu.beihua.KarryCode.HBaseTest" time="19.62" tests="1" errors="0" skipped="0" failures="0">
  <properties>
[...]
</properties>
  <testcase name="test" classname="edu.beihua.KarryCode.HBaseTest" time="5.554">
    <system-out><![CDATA[23:12:10.940 [main] DEBUG org.springframework.test.context.BootstrapUtils - Instantiating CacheAwareContextLoaderDelegate from class [org.springframework.test.context.cache.DefaultCacheAwareContextLoaderDelegate]
23:12:10.947 [main] DEBUG org.springframework.test.context.BootstrapUtils - Instantiating BootstrapContext using constructor [public org.springframework.test.context.support.DefaultBootstrapContext(java.lang.Class,org.springframework.test.context.CacheAwareContextLoaderDelegate)]
23:12:10.974 [main] DEBUG org.springframework.test.context.BootstrapUtils - Instantiating TestContextBootstrapper for test class [edu.beihua.KarryCode.HBaseTest] from class [org.springframework.boot.test.context.SpringBootTestContextBootstrapper]
23:12:10.985 [main] INFO org.springframework.boot.test.context.SpringBootTestContextBootstrapper - Neither @ContextConfiguration nor @ContextHierarchy found for test class [edu.beihua.KarryCode.HBaseTest], using SpringBootContextLoader
23:12:10.989 [main] DEBUG org.springframework.test.context.support.AbstractContextLoader - Did not detect default resource location for test class [edu.beihua.KarryCode.HBaseTest]: class path resource [edu/beihua/KarryCode/HBaseTest-context.xml] does not exist
23:12:10.989 [main] DEBUG org.springframework.test.context.support.AbstractContextLoader - Did not detect default resource location for test class [edu.beihua.KarryCode.HBaseTest]: class path resource [edu/beihua/KarryCode/HBaseTestContext.groovy] does not exist
23:12:10.989 [main] INFO org.springframework.test.context.support.AbstractContextLoader - Could not detect default resource locations for test class [edu.beihua.KarryCode.HBaseTest]: no resource found for suffixes {-context.xml, Context.groovy}.
23:12:10.990 [main] INFO org.springframework.test.context.support.AnnotationConfigContextLoaderUtils - Could not detect default configuration classes for test class [edu.beihua.KarryCode.HBaseTest]: HBaseTest does not declare any static, non-private, non-final, nested classes annotated with @Configuration.
23:12:11.022 [main] DEBUG org.springframework.test.context.support.ActiveProfilesUtils - Could not find an 'annotation declaring class' for annotation type [org.springframework.test.context.ActiveProfiles] and class [edu.beihua.KarryCode.HBaseTest]
23:12:11.080 [main] DEBUG org.springframework.context.annotation.ClassPathScanningCandidateComponentProvider - Identified candidate component class: file [D:\A code\IDEA_Code\Car_Rental_System_3.0\target\classes\edu\beihua\KarryCode\CarRentalSystemApplication.class]
23:12:11.081 [main] INFO org.springframework.boot.test.context.SpringBootTestContextBootstrapper - Found @SpringBootConfiguration edu.beihua.KarryCode.CarRentalSystemApplication for test class edu.beihua.KarryCode.HBaseTest
23:12:11.155 [main] DEBUG org.springframework.boot.test.context.SpringBootTestContextBootstrapper - @TestExecutionListeners is not present for class [edu.beihua.KarryCode.HBaseTest]: using defaults.
23:12:11.155 [main] INFO org.springframework.boot.test.context.SpringBootTestContextBootstrapper - Loaded default TestExecutionListener class names from location [META-INF/spring.factories]: [org.springframework.boot.test.mock.mockito.MockitoTestExecutionListener, org.springframework.boot.test.mock.mockito.ResetMocksTestExecutionListener, org.springframework.boot.test.autoconfigure.restdocs.RestDocsTestExecutionListener, org.springframework.boot.test.autoconfigure.web.client.MockRestServiceServerResetTestExecutionListener, org.springframework.boot.test.autoconfigure.web.servlet.MockMvcPrintOnlyOnFailureTestExecutionListener, org.springframework.boot.test.autoconfigure.web.servlet.WebDriverTestExecutionListener, org.springframework.boot.test.autoconfigure.webservices.client.MockWebServiceServerTestExecutionListener, org.springframework.test.context.web.ServletTestExecutionListener, org.springframework.test.context.support.DirtiesContextBeforeModesTestExecutionListener, org.springframework.test.context.event.ApplicationEventsTestExecutionListener, org.springframework.test.context.support.DependencyInjectionTestExecutionListener, org.springframework.test.context.support.DirtiesContextTestExecutionListener, org.springframework.test.context.transaction.TransactionalTestExecutionListener, org.springframework.test.context.jdbc.SqlScriptsTestExecutionListener, org.springframework.test.context.event.EventPublishingTestExecutionListener]
23:12:11.165 [main] DEBUG org.springframework.boot.test.context.SpringBootTestContextBootstrapper - Skipping candidate TestExecutionListener [org.springframework.test.context.web.ServletTestExecutionListener] due to a missing dependency. Specify custom listener classes or make the default listener classes and their required dependencies available. Offending class: [javax/servlet/ServletContext]
23:12:11.171 [main] INFO org.springframework.boot.test.context.SpringBootTestContextBootstrapper - Using TestExecutionListeners: [org.springframework.test.context.support.DirtiesContextBeforeModesTestExecutionListener@64b0598, org.springframework.test.context.event.ApplicationEventsTestExecutionListener@18f8cd79, org.springframework.boot.test.mock.mockito.MockitoTestExecutionListener@3e2055d6, org.springframework.boot.test.autoconfigure.SpringBootDependencyInjectionTestExecutionListener@50029372, org.springframework.test.context.support.DirtiesContextTestExecutionListener@e3b3b2f, org.springframework.test.context.transaction.TransactionalTestExecutionListener@50f6ac94, org.springframework.test.context.jdbc.SqlScriptsTestExecutionListener@6cc4cdb9, org.springframework.test.context.event.EventPublishingTestExecutionListener@28194a50, org.springframework.boot.test.mock.mockito.ResetMocksTestExecutionListener@7f2cfe3f, org.springframework.boot.test.autoconfigure.restdocs.RestDocsTestExecutionListener@1a5b6f42, org.springframework.boot.test.autoconfigure.web.client.MockRestServiceServerResetTestExecutionListener@5038d0b5, org.springframework.boot.test.autoconfigure.web.servlet.MockMvcPrintOnlyOnFailureTestExecutionListener@32115b28, org.springframework.boot.test.autoconfigure.web.servlet.WebDriverTestExecutionListener@2ad48653, org.springframework.boot.test.autoconfigure.webservices.client.MockWebServiceServerTestExecutionListener@6bb4dd34]
23:12:11.174 [main] DEBUG org.springframework.test.context.support.AbstractDirtiesContextTestExecutionListener - Before test class: context [DefaultTestContext@7fd7a283 testClass = HBaseTest, testInstance = [null], testMethod = [null], testException = [null], mergedContextConfiguration = [MergedContextConfiguration@22f59fa testClass = HBaseTest, locations = '{}', classes = '{class edu.beihua.KarryCode.CarRentalSystemApplication}', contextInitializerClasses = '[]', activeProfiles = '{}', propertySourceLocations = '{}', propertySourceProperties = '{org.springframework.boot.test.context.SpringBootTestContextBootstrapper=true}', contextCustomizers = set[org.springframework.boot.test.context.filter.ExcludeFilterContextCustomizer@7c9d8e2, org.springframework.boot.test.json.DuplicateJsonObjectContextCustomizerFactory$DuplicateJsonObjectContextCustomizer@2002fc1d, org.springframework.boot.test.mock.mockito.MockitoContextCustomizer@0, org.springframework.boot.test.web.client.TestRestTemplateContextCustomizer@4961f6af, org.springframework.boot.test.autoconfigure.actuate.metrics.MetricsExportContextCustomizerFactory$DisableMetricExportContextCustomizer@45b4c3a9, org.springframework.boot.test.autoconfigure.properties.PropertyMappingContextCustomizer@0, org.springframework.boot.test.autoconfigure.web.servlet.WebDriverContextCustomizerFactory$Customizer@37883b97, org.springframework.boot.test.context.SpringBootTestArgs@1, org.springframework.boot.test.context.SpringBootTestWebEnvironment@6f1fba17], contextLoader = 'org.springframework.boot.test.context.SpringBootContextLoader', parent = [null]], attributes = map[[empty]]], class annotated with @DirtiesContext [false] with mode [null].
23:12:11.182 [main] DEBUG org.springframework.test.context.support.DependencyInjectionTestExecutionListener - Performing dependency injection for test context [[DefaultTestContext@7fd7a283 testClass = HBaseTest, testInstance = edu.beihua.KarryCode.HBaseTest@7b50df34, testMethod = [null], testException = [null], mergedContextConfiguration = [MergedContextConfiguration@22f59fa testClass = HBaseTest, locations = '{}', classes = '{class edu.beihua.KarryCode.CarRentalSystemApplication}', contextInitializerClasses = '[]', activeProfiles = '{}', propertySourceLocations = '{}', propertySourceProperties = '{org.springframework.boot.test.context.SpringBootTestContextBootstrapper=true}', contextCustomizers = set[org.springframework.boot.test.context.filter.ExcludeFilterContextCustomizer@7c9d8e2, org.springframework.boot.test.json.DuplicateJsonObjectContextCustomizerFactory$DuplicateJsonObjectContextCustomizer@2002fc1d, org.springframework.boot.test.mock.mockito.MockitoContextCustomizer@0, org.springframework.boot.test.web.client.TestRestTemplateContextCustomizer@4961f6af, org.springframework.boot.test.autoconfigure.actuate.metrics.MetricsExportContextCustomizerFactory$DisableMetricExportContextCustomizer@45b4c3a9, org.springframework.boot.test.autoconfigure.properties.PropertyMappingContextCustomizer@0, org.springframework.boot.test.autoconfigure.web.servlet.WebDriverContextCustomizerFactory$Customizer@37883b97, org.springframework.boot.test.context.SpringBootTestArgs@1, org.springframework.boot.test.context.SpringBootTestWebEnvironment@6f1fba17], contextLoader = 'org.springframework.boot.test.context.SpringBootContextLoader', parent = [null]], attributes = map['org.springframework.test.context.event.ApplicationEventsTestExecutionListener.recordApplicationEvents' -> false]]].

  .   ____          _            __ _ _
 /\\ / ___'_ __ _ _(_)_ __  __ _ \ \ \ \
( ( )\___ | '_ | '_| | '_ \/ _` | \ \ \ \
 \\/  ___)| |_)| | | | | || (_| |  ) ) ) )
  '  |____| .__|_| |_|_| |_\__, | / / / /
 =========|_|==============|___/=/_/_/_/
 :: Spring Boot ::               (v2.6.13)

2023-10-12 23:12:11.439  INFO 30708 --- [           main] edu.beihua.KarryCode.HBaseTest           : Starting HBaseTest using Java 1.8.0_20 on Laptop-Karry1107 with PID 30708 (started by Karry in D:\A code\IDEA_Code\Car_Rental_System_3.0)
2023-10-12 23:12:11.440  INFO 30708 --- [           main] edu.beihua.KarryCode.HBaseTest           : No active profile set, falling back to 1 default profile: "default"
2023-10-12 23:12:12.011  INFO 30708 --- [           main] .s.d.r.c.RepositoryConfigurationDelegate : Multiple Spring Data modules found, entering strict repository configuration mode
2023-10-12 23:12:12.012  INFO 30708 --- [           main] .s.d.r.c.RepositoryConfigurationDelegate : Bootstrapping Spring Data MongoDB repositories in DEFAULT mode.
2023-10-12 23:12:12.030  INFO 30708 --- [           main] .s.d.r.c.RepositoryConfigurationDelegate : Finished Spring Data repository scanning in 15 ms. Found 0 MongoDB repository interfaces.
2023-10-12 23:12:12.041  INFO 30708 --- [           main] .s.d.r.c.RepositoryConfigurationDelegate : Multiple Spring Data modules found, entering strict repository configuration mode
2023-10-12 23:12:12.042  INFO 30708 --- [           main] .s.d.r.c.RepositoryConfigurationDelegate : Bootstrapping Spring Data Redis repositories in DEFAULT mode.
2023-10-12 23:12:12.054  INFO 30708 --- [           main] .s.d.r.c.RepositoryConfigurationDelegate : Finished Spring Data repository scanning in 5 ms. Found 0 Redis repository interfaces.
2023-10-12 23:12:12.675  INFO 30708 --- [           main] org.mongodb.driver.cluster               : Cluster created with settings {hosts=[localhost:27017], mode=SINGLE, requiredClusterType=UNKNOWN, serverSelectionTimeout='30000 ms'}
2023-10-12 23:12:12.727  INFO 30708 --- [localhost:27017] org.mongodb.driver.connection            : Opened connection [connectionId{localValue:1, serverValue:94}] to localhost:27017
2023-10-12 23:12:12.727  INFO 30708 --- [localhost:27017] org.mongodb.driver.connection            : Opened connection [connectionId{localValue:2, serverValue:93}] to localhost:27017
2023-10-12 23:12:12.728  INFO 30708 --- [localhost:27017] org.mongodb.driver.cluster               : Monitor thread successfully connected to server with description ServerDescription{address=localhost:27017, type=STANDALONE, state=CONNECTED, ok=true, minWireVersion=0, maxWireVersion=13, maxDocumentSize=16777216, logicalSessionTimeoutMinutes=30, roundTripTimeNanos=15233100}
2023-10-12 23:12:14.329  INFO 30708 --- [           main] edu.beihua.KarryCode.HBaseTest           : Started HBaseTest in 3.128 seconds (JVM running for 3.971)
2023-10-12 23:12:19.836  INFO 30708 --- [           main] o.a.h.h.zookeeper.RecoverableZooKeeper   : Process identifier=hconnection-0x2b877a54 connecting to ZooKeeper ensemble=127.0.0.1:2181
2023-10-12 23:12:24.787  INFO 30708 --- [           main] o.a.h.h.s.o.apache.zookeeper.ZooKeeper   : Client environment:zookeeper.version=3.4.6-1569965, built on 02/20/2014 09:09 GMT
2023-10-12 23:12:24.787  INFO 30708 --- [           main] o.a.h.h.s.o.apache.zookeeper.ZooKeeper   : Client environment:host.name=Laptop-Karry1107
2023-10-12 23:12:24.787  INFO 30708 --- [           main] o.a.h.h.s.o.apache.zookeeper.ZooKeeper   : Client environment:java.version=1.8.0_20
2023-10-12 23:12:24.787  INFO 30708 --- [           main] o.a.h.h.s.o.apache.zookeeper.ZooKeeper   : Client environment:java.vendor=Oracle Corporation
2023-10-12 23:12:24.787  INFO 30708 --- [           main] o.a.h.h.s.o.apache.zookeeper.ZooKeeper   : Client environment:java.home=C:\Program Files\Java\jdk1.8.0_20\jre
2023-10-12 23:12:24.787  INFO 30708 --- [           main] o.a.h.h.s.o.apache.zookeeper.ZooKeeper   : Client environment:java.class.path=D:\A code\IDEA_Code\Car_Rental_System_3.0\target\test-classes;D:\A code\IDEA_Code\Car_Rental_System_3.0\target\classes;C:\Users\Karry\.m2\repository\com\mysql\mysql-connector-j\8.0.31\mysql-connector-j-8.0.31.jar;C:\Users\Karry\.m2\repository\org\mybatis\mybatis\3.5.7\mybatis-3.5.7.jar;C:\Users\Karry\.m2\repository\org\mybatis\spring\boot\mybatis-spring-boot-starter\2.2.2\mybatis-spring-boot-starter-2.2.2.jar;C:\Users\Karry\.m2\repository\org\springframework\boot\spring-boot-starter-jdbc\2.6.13\spring-boot-starter-jdbc-2.6.13.jar;C:\Users\Karry\.m2\repository\com\zaxxer\HikariCP\4.0.3\HikariCP-4.0.3.jar;C:\Users\Karry\.m2\repository\org\springframework\spring-jdbc\5.3.23\spring-jdbc-5.3.23.jar;C:\Users\Karry\.m2\repository\org\mybatis\spring\boot\mybatis-spring-boot-autoconfigure\2.2.2\mybatis-spring-boot-autoconfigure-2.2.2.jar;C:\Users\Karry\.m2\repository\org\mybatis\mybatis-spring\2.0.7\mybatis-spring-2.0.7.jar;C:\Users\Karry\.m2\repository\org\projectlombok\lombok\1.18.24\lombok-1.18.24.jar;C:\Users\Karry\.m2\repository\junit\junit\4.13.2\junit-4.13.2.jar;C:\Users\Karry\.m2\repository\org\hamcrest\hamcrest-core\2.2\hamcrest-core-2.2.jar;C:\Users\Karry\.m2\repository\org\springframework\boot\spring-boot-starter\2.6.13\spring-boot-starter-2.6.13.jar;C:\Users\Karry\.m2\repository\org\springframework\boot\spring-boot\2.6.13\spring-boot-2.6.13.jar;C:\Users\Karry\.m2\repository\org\springframework\spring-context\5.3.23\spring-context-5.3.23.jar;C:\Users\Karry\.m2\repository\org\springframework\boot\spring-boot-autoconfigure\2.6.13\spring-boot-autoconfigure-2.6.13.jar;C:\Users\Karry\.m2\repository\org\springframework\boot\spring-boot-starter-logging\2.6.13\spring-boot-starter-logging-2.6.13.jar;C:\Users\Karry\.m2\repository\ch\qos\logback\logback-classic\1.2.11\logback-classic-1.2.11.jar;C:\Users\Karry\.m2\repository\ch\qos\logback\logback-core\1.2.11\logback-core-1.2.11.jar;C:\Users\Karry\.m2\repository\org\apache\logging\log4j\log4j-to-slf4j\2.17.2\log4j-to-slf4j-2.17.2.jar;C:\Users\Karry\.m2\repository\org\apache\logging\log4j\log4j-api\2.17.2\log4j-api-2.17.2.jar;C:\Users\Karry\.m2\repository\org\slf4j\jul-to-slf4j\1.7.36\jul-to-slf4j-1.7.36.jar;C:\Users\Karry\.m2\repository\jakarta\annotation\jakarta.annotation-api\1.3.5\jakarta.annotation-api-1.3.5.jar;C:\Users\Karry\.m2\repository\org\springframework\spring-core\5.3.23\spring-core-5.3.23.jar;C:\Users\Karry\.m2\repository\org\springframework\spring-jcl\5.3.23\spring-jcl-5.3.23.jar;C:\Users\Karry\.m2\repository\org\yaml\snakeyaml\1.29\snakeyaml-1.29.jar;C:\Users\Karry\.m2\repository\org\springframework\boot\spring-boot-starter-data-mongodb\2.6.13\spring-boot-starter-data-mongodb-2.6.13.jar;C:\Users\Karry\.m2\repository\org\mongodb\mongodb-driver-sync\4.4.2\mongodb-driver-sync-4.4.2.jar;C:\Users\Karry\.m2\repository\org\mongodb\bson\4.4.2\bson-4.4.2.jar;C:\Users\Karry\.m2\repository\org\mongodb\mongodb-driver-core\4.4.2\mongodb-driver-core-4.4.2.jar;C:\Users\Karry\.m2\repository\org\springframework\data\spring-data-mongodb\3.3.9\spring-data-mongodb-3.3.9.jar;C:\Users\Karry\.m2\repository\org\springframework\spring-tx\5.3.23\spring-tx-5.3.23.jar;C:\Users\Karry\.m2\repository\org\springframework\spring-beans\5.3.23\spring-beans-5.3.23.jar;C:\Users\Karry\.m2\repository\org\springframework\spring-expression\5.3.23\spring-expression-5.3.23.jar;C:\Users\Karry\.m2\repository\org\springframework\data\spring-data-commons\2.6.9\spring-data-commons-2.6.9.jar;C:\Users\Karry\.m2\repository\org\springframework\boot\spring-boot-starter-data-redis\2.6.13\spring-boot-starter-data-redis-2.6.13.jar;C:\Users\Karry\.m2\repository\org\springframework\data\spring-data-redis\2.6.9\spring-data-redis-2.6.9.jar;C:\Users\Karry\.m2\repository\org\springframework\data\spring-data-keyvalue\2.6.9\spring-data-keyvalue-2.6.9.jar;C:\Users\Karry\.m2\repository\org\springframework\spring-oxm\5.3.23\spring-oxm-5.3.23.jar;C:\Users\Karry\.m2\repository\org\springframework\spring-aop\5.3.23\spring-aop-5.3.23.jar;C:\Users\Karry\.m2\repository\org\springframework\spring-context-support\5.3.23\spring-context-support-5.3.23.jar;C:\Users\Karry\.m2\repository\redis\clients\jedis\3.7.1\jedis-3.7.1.jar;C:\Users\Karry\.m2\repository\org\slf4j\slf4j-api\1.7.36\slf4j-api-1.7.36.jar;C:\Users\Karry\.m2\repository\org\apache\commons\commons-pool2\2.11.1\commons-pool2-2.11.1.jar;C:\Users\Karry\.m2\repository\org\apache\hbase\hbase-shaded-client\1.2.6\hbase-shaded-client-1.2.6.jar;C:\Users\Karry\.m2\repository\commons-logging\commons-logging\1.2\commons-logging-1.2.jar;C:\Users\Karry\.m2\repository\org\slf4j\slf4j-reload4j\1.7.36\slf4j-reload4j-1.7.36.jar;C:\Users\Karry\.m2\repository\ch\qos\reload4j\reload4j\1.2.19\reload4j-1.2.19.jar;C:\Users\Karry\.m2\repository\org\apache\htrace\htrace-core\3.1.0-incubating\htrace-core-3.1.0-incubating.jar;C:\Users\Karry\.m2\repository\com\github\stephenc\findbugs\findbugs-annotations\1.3.9-1\findbugs-annotations-1.3.9-1.jar;C:\Users\Karry\.m2\repository\log4j\log4j\1.2.17\log4j-1.2.17.jar;C:\Users\Karry\.m2\repository\org\springframework\boot\spring-boot-starter-test\2.6.13\spring-boot-starter-test-2.6.13.jar;C:\Users\Karry\.m2\repository\org\springframework\boot\spring-boot-test\2.6.13\spring-boot-test-2.6.13.jar;C:\Users\Karry\.m2\repository\org\springframework\boot\spring-boot-test-autoconfigure\2.6.13\spring-boot-test-autoconfigure-2.6.13.jar;C:\Users\Karry\.m2\repository\com\jayway\jsonpath\json-path\2.6.0\json-path-2.6.0.jar;C:\Users\Karry\.m2\repository\net\minidev\json-smart\2.4.8\json-smart-2.4.8.jar;C:\Users\Karry\.m2\repository\net\minidev\accessors-smart\2.4.8\accessors-smart-2.4.8.jar;C:\Users\Karry\.m2\repository\org\ow2\asm\asm\9.1\asm-9.1.jar;C:\Users\Karry\.m2\repository\jakarta\xml\bind\jakarta.xml.bind-api\2.3.3\jakarta.xml.bind-api-2.3.3.jar;C:\Users\Karry\.m2\repository\jakarta\activation\jakarta.activation-api\1.2.2\jakarta.activation-api-1.2.2.jar;C:\Users\Karry\.m2\repository\org\assertj\assertj-core\3.21.0\assertj-core-3.21.0.jar;C:\Users\Karry\.m2\repository\org\hamcrest\hamcrest\2.2\hamcrest-2.2.jar;C:\Users\Karry\.m2\repository\org\junit\jupiter\junit-jupiter\5.8.2\junit-jupiter-5.8.2.jar;C:\Users\Karry\.m2\repository\org\junit\jupiter\junit-jupiter-api\5.8.2\junit-jupiter-api-5.8.2.jar;C:\Users\Karry\.m2\repository\org\opentest4j\opentest4j\1.2.0\opentest4j-1.2.0.jar;C:\Users\Karry\.m2\repository\org\junit\platform\junit-platform-commons\1.8.2\junit-platform-commons-1.8.2.jar;C:\Users\Karry\.m2\repository\org\apiguardian\apiguardian-api\1.1.2\apiguardian-api-1.1.2.jar;C:\Users\Karry\.m2\repository\org\junit\jupiter\junit-jupiter-params\5.8.2\junit-jupiter-params-5.8.2.jar;C:\Users\Karry\.m2\repository\org\junit\jupiter\junit-jupiter-engine\5.8.2\junit-jupiter-engine-5.8.2.jar;C:\Users\Karry\.m2\repository\org\junit\platform\junit-platform-engine\1.8.2\junit-platform-engine-1.8.2.jar;C:\Users\Karry\.m2\repository\org\mockito\mockito-core\4.0.0\mockito-core-4.0.0.jar;C:\Users\Karry\.m2\repository\net\bytebuddy\byte-buddy\1.11.22\byte-buddy-1.11.22.jar;C:\Users\Karry\.m2\repository\net\bytebuddy\byte-buddy-agent\1.11.22\byte-buddy-agent-1.11.22.jar;C:\Users\Karry\.m2\repository\org\objenesis\objenesis\3.2\objenesis-3.2.jar;C:\Users\Karry\.m2\repository\org\mockito\mockito-junit-jupiter\4.0.0\mockito-junit-jupiter-4.0.0.jar;C:\Users\Karry\.m2\repository\org\skyscreamer\jsonassert\1.5.1\jsonassert-1.5.1.jar;C:\Users\Karry\.m2\repository\com\vaadin\external\google\android-json\0.0.20131108.vaadin1\android-json-0.0.20131108.vaadin1.jar;C:\Users\Karry\.m2\repository\org\springframework\spring-test\5.3.23\spring-test-5.3.23.jar;C:\Users\Karry\.m2\repository\org\xmlunit\xmlunit-core\2.8.4\xmlunit-core-2.8.4.jar;C:\Users\Karry\.m2\repository\org\springframework\boot\spring-boot-starter-actuator\2.6.13\spring-boot-starter-actuator-2.6.13.jar;C:\Users\Karry\.m2\repository\org\springframework\boot\spring-boot-actuator-autoconfigure\2.6.13\spring-boot-actuator-autoconfigure-2.6.13.jar;C:\Users\Karry\.m2\repository\org\springframework\boot\spring-boot-actuator\2.6.13\spring-boot-actuator-2.6.13.jar;C:\Users\Karry\.m2\repository\com\fasterxml\jackson\core\jackson-databind\2.13.4.2\jackson-databind-2.13.4.2.jar;C:\Users\Karry\.m2\repository\com\fasterxml\jackson\core\jackson-annotations\2.13.4\jackson-annotations-2.13.4.jar;C:\Users\Karry\.m2\repository\com\fasterxml\jackson\core\jackson-core\2.13.4\jackson-core-2.13.4.jar;C:\Users\Karry\.m2\repository\com\fasterxml\jackson\datatype\jackson-datatype-jsr310\2.13.4\jackson-datatype-jsr310-2.13.4.jar;C:\Users\Karry\.m2\repository\io\micrometer\micrometer-core\1.8.11\micrometer-core-1.8.11.jar;C:\Users\Karry\.m2\repository\org\hdrhistogram\HdrHistogram\2.1.12\HdrHistogram-2.1.12.jar;C:\Users\Karry\.m2\repository\org\latencyutils\LatencyUtils\2.0.3\LatencyUtils-2.0.3.jar;
2023-10-12 23:12:24.790  INFO 30708 --- [           main] o.a.h.h.s.o.apache.zookeeper.ZooKeeper   : Client environment:java.library.path=C:\Program Files\Java\jdk1.8.0_20\jre\bin;C:\WINDOWS\Sun\Java\bin;C:\WINDOWS\system32;C:\WINDOWS;E:\HBaseX\hadoop-common-2.2.0-bin-master\bin;D:\Python\Scripts\;D:\Python\;C:\Program Files\Java\jdk1.8.0_20\bin;C:\Program Files\Java\jdk-11.0.17\bin;D:\JDK17\bin;D:\JDK\bin;C:\Windows\System32;C:\Windows;C:\Windows\System32\wbem;C:\Windows\System32\WindowsPowerShell\v1.0;C:\Windows\System32\OpenSSH;D:\MySQL\MySQL Server 8.0\bin;D:\Tomecat\apache-tomcat-8.5.16\bin;D:\Tomecat\apache-tomcat-8.5.16\lib;C:\mingw64\bin;D:\apache-maven-3.8.6\bin\bin;C:\Program Files\dotnet\;D:\nodejs\;D:\git\Git\cmd;D:\git\Git\mingw64\bin;D:\git\Git\usr\bin;D:\DecC++\Dev-Cpp\MinGW64\bin\gdb.exe;D:\Tomecat\apache-tomcat-8.5.16;D:\go1.20\bin;E:\ACE Studio;C:\Program Files\MongoDB\Server\5.0\bin;D:\apache-maven-3.8.6\bin;D:\Redis\;C:\Users\Karry\AppData\Local\Microsoft\WindowsApps;C:\Users\Karry\.dotnet\tools;D:\Fiddler;C:\Users\Karry\AppData\Local\Microsoft\WindowsApps;C:\x86_64-8.1.0-release-posix-sjlj-rt_v6-rev0\mingw64\bin;C:\WINDOWS\System32;C:\WINDOWS;C:\WINDOWS\System32\Wbem;C:\WINDOWS\System32\WindowsPowerShell\v1.0\;C:\WINDOWS\System32\OpenSSH\;D:\Microsoft VS Code\bin;D:\datagrip\DataGrip 2021.2.2\bin;;C:\Users\Karry\AppData\Roaming\npm;D:\PyCharm\PyCharm 2022.3.3\bin;;D:\CLion\CLion 2022.3.3\bin;;C:\Users\Karry\go\bin;D:\DevEco Studio\bin;;D:\WebStorm\WebStorm 2023.1.2\bin;;D:\IDEA2022\IntelliJ IDEA 2023.2.2\bin;;.
2023-10-12 23:12:24.790  INFO 30708 --- [           main] o.a.h.h.s.o.apache.zookeeper.ZooKeeper   : Client environment:java.io.tmpdir=C:\Users\Karry\AppData\Local\Temp\
2023-10-12 23:12:24.790  INFO 30708 --- [           main] o.a.h.h.s.o.apache.zookeeper.ZooKeeper   : Client environment:java.compiler=<NA>
2023-10-12 23:12:24.790  INFO 30708 --- [           main] o.a.h.h.s.o.apache.zookeeper.ZooKeeper   : Client environment:os.name=Windows 8.1
2023-10-12 23:12:24.790  INFO 30708 --- [           main] o.a.h.h.s.o.apache.zookeeper.ZooKeeper   : Client environment:os.arch=amd64
2023-10-12 23:12:24.790  INFO 30708 --- [           main] o.a.h.h.s.o.apache.zookeeper.ZooKeeper   : Client environment:os.version=6.3
2023-10-12 23:12:24.790  INFO 30708 --- [           main] o.a.h.h.s.o.apache.zookeeper.ZooKeeper   : Client environment:user.name=Karry
2023-10-12 23:12:24.790  INFO 30708 --- [           main] o.a.h.h.s.o.apache.zookeeper.ZooKeeper   : Client environment:user.home=C:\Users\Karry
2023-10-12 23:12:24.790  INFO 30708 --- [           main] o.a.h.h.s.o.apache.zookeeper.ZooKeeper   : Client environment:user.dir=D:\A code\IDEA_Code\Car_Rental_System_3.0
2023-10-12 23:12:24.791  INFO 30708 --- [           main] o.a.h.h.s.o.apache.zookeeper.ZooKeeper   : Initiating client connection, connectString=127.0.0.1:2181 sessionTimeout=90000 watcher=hconnection-0x2b877a540x0, quorum=127.0.0.1:2181, baseZNode=/hbase
2023-10-12 23:12:24.810  INFO 30708 --- [127.0.0.1:2181)] o.a.h.h.s.o.apache.zookeeper.ClientCnxn  : Opening socket connection to server 127.0.0.1/127.0.0.1:2181. Will not attempt to authenticate using SASL (unknown error)
2023-10-12 23:12:24.812  INFO 30708 --- [127.0.0.1:2181)] o.a.h.h.s.o.apache.zookeeper.ClientCnxn  : Socket connection established to 127.0.0.1/127.0.0.1:2181, initiating session
2023-10-12 23:12:24.847  INFO 30708 --- [127.0.0.1:2181)] o.a.h.h.s.o.apache.zookeeper.ClientCnxn  : Session establishment complete on server 127.0.0.1/127.0.0.1:2181, sessionid = 0x18b23d19085000e, negotiated timeout = 40000
keyvalues={lkr/f1:/1697113525893/Put/vlen=9/seqid=0, lkr/f2:/1697113538194/Put/vlen=9/seqid=0}
f2 value: 111111111
]]></system-out>
    <system-err><![CDATA[SLF4J: Class path contains multiple SLF4J bindings.
SLF4J: Found binding in [jar:file:/C:/Users/Karry/.m2/repository/ch/qos/logback/logback-classic/1.2.11/logback-classic-1.2.11.jar!/org/slf4j/impl/StaticLoggerBinder.class]
SLF4J: Found binding in [jar:file:/C:/Users/Karry/.m2/repository/org/slf4j/slf4j-reload4j/1.7.36/slf4j-reload4j-1.7.36.jar!/org/slf4j/impl/StaticLoggerBinder.class]
SLF4J: See http://www.slf4j.org/codes.html#multiple_bindings for an explanation.
SLF4J: Actual binding is of type [ch.qos.logback.classic.util.ContextSelectorStaticBinder]
]]></system-err>
  </testcase>
</testsuite>